<?xml version="1.0" encoding="UTF-8"?>
<!-- Generated by org.testng.reporters.JUnitReportReporter -->
<testsuite hostname="DESKTOP-GHN20DL" failures="0" tests="4" name="TestCases.TC03_SearchAndSort" time="5.053" errors="0" timestamp="2020-12-02T20:49:44 GMT" skipped="0">
  <testcase classname="TestCases.TC03_SearchAndSort" name="InputItem" time="0.886"/>
  <system-out/>
  <testcase classname="TestCases.TC03_SearchAndSort" name="SortItemsByPrice" time="2.876"/>
  <system-out/>
  <testcase classname="TestCases.TC03_SearchAndSort" name="SortItemsByPopularity" time="0.882"/>
  <system-out/>
  <testcase classname="TestCases.TC03_SearchAndSort" name="SortItemsByRelevance" time="0.409"/>
  <system-out/>
</testsuite> <!-- TestCases.TC03_SearchAndSort -->
