<?xml version="1.0" encoding="UTF-8"?>
<!-- Generated by org.testng.reporters.JUnitReportReporter -->
<testsuite hostname="DESKTOP-GHN20DL" failures="0" tests="3" name="TestCases.TC04_SearchAndFilter" time="7.923" errors="0" timestamp="2020-12-02T20:37:47 GMT" skipped="0">
  <testcase classname="TestCases.TC04_SearchAndFilter" name="FilterItems1" time="1.340"/>
  <system-out/>
  <testcase classname="TestCases.TC04_SearchAndFilter" name="FilterItems2" time="6.348"/>
  <system-out/>
  <testcase classname="TestCases.TC04_SearchAndFilter" name="RemoveFilter" time="0.235"/>
  <system-out/>
</testsuite> <!-- TestCases.TC04_SearchAndFilter -->
