<?xml version="1.0" encoding="UTF-8"?>
<!-- Generated by org.testng.reporters.JUnitReportReporter -->
<testsuite hostname="DESKTOP-GHN20DL" failures="0" tests="3" name="TestCases.TC01_QuickOrder" time="3.471" errors="0" timestamp="2020-12-02T22:08:36 GMT" skipped="0">
  <testcase classname="TestCases.TC01_QuickOrder" name="InputStockNumbers" time="0.433"/>
  <system-out/>
  <testcase classname="TestCases.TC01_QuickOrder" name="InputQuantity" time="0.192"/>
  <system-out/>
  <testcase classname="TestCases.TC01_QuickOrder" name="AddToBasket" time="2.846"/>
  <system-out/>
</testsuite> <!-- TestCases.TC01_QuickOrder -->
