<?xml version="1.0" encoding="UTF-8"?>
<!-- Generated by org.testng.reporters.JUnitReportReporter -->
<testsuite hostname="DESKTOP-GHN20DL" failures="0" tests="2" name="TestCases.TC05_SearchAndSortResultsTable" time="1.666" errors="0" timestamp="2020-12-02T20:33:39 GMT" skipped="0">
  <testcase classname="TestCases.TC05_SearchAndSortResultsTable" name="SortResultsTablesThread" time="1.273"/>
  <system-out/>
  <testcase classname="TestCases.TC05_SearchAndSortResultsTable" name="SortResultsTablesClosedLength" time="0.393"/>
  <system-out/>
</testsuite> <!-- TestCases.TC05_SearchAndSortResultsTable -->
