<?xml version="1.0" encoding="UTF-8"?>
<!-- Generated by org.testng.reporters.JUnitReportReporter -->
<testsuite hostname="DESKTOP-GHN20DL" failures="0" tests="1" name="TestCases.NewTest" time="0.013" errors="0" timestamp="2020-11-30T22:21:11 GMT" skipped="0">
  <testcase classname="TestCases.NewTest" name="f" time="0.013"/>
  <system-out/>
</testsuite> <!-- TestCases.NewTest -->
